<?xml version="1.0" encoding="UTF-8"?>
<coverage generated="1635585901993" clover="3.2.0">
  <project timestamp="1635585901993" name="All files">
    <metrics statements="55" coveredstatements="48" conditionals="0" coveredconditionals="0" methods="3" coveredmethods="2" elements="58" coveredelements="50" complexity="0" loc="55" ncloc="55" packages="1" files="1" classes="1"/>
    <file name="config.ts" path="/Users/supanatpotiwarakorn/dev/terra/terrain/src/config.ts">
      <metrics statements="55" coveredstatements="48" conditionals="0" coveredconditionals="0" methods="3" coveredmethods="2"/>
      <line num="1" count="1" type="stmt"/>
      <line num="2" count="1" type="stmt"/>
      <line num="3" count="1" type="stmt"/>
      <line num="4" count="1" type="stmt"/>
      <line num="5" count="1" type="stmt"/>
      <line num="6" count="1" type="stmt"/>
      <line num="7" count="1" type="stmt"/>
      <line num="8" count="1" type="stmt"/>
      <line num="9" count="1" type="stmt"/>
      <line num="10" count="1" type="stmt"/>
      <line num="11" count="1" type="stmt"/>
      <line num="12" count="1" type="stmt"/>
      <line num="13" count="1" type="stmt"/>
      <line num="14" count="1" type="stmt"/>
      <line num="15" count="1" type="stmt"/>
      <line num="16" count="1" type="stmt"/>
      <line num="17" count="1" type="stmt"/>
      <line num="18" count="1" type="stmt"/>
      <line num="19" count="1" type="stmt"/>
      <line num="20" count="1" type="stmt"/>
      <line num="21" count="1" type="stmt"/>
      <line num="22" count="1" type="stmt"/>
      <line num="23" count="1" type="stmt"/>
      <line num="24" count="1" type="stmt"/>
      <line num="25" count="1" type="stmt"/>
      <line num="26" count="1" type="stmt"/>
      <line num="27" count="1" type="stmt"/>
      <line num="28" count="4" type="stmt"/>
      <line num="29" count="11" type="stmt"/>
      <line num="30" count="11" type="stmt"/>
      <line num="31" count="11" type="stmt"/>
      <line num="32" count="11" type="stmt"/>
      <line num="33" count="11" type="stmt"/>
      <line num="34" count="11" type="stmt"/>
      <line num="35" count="11" type="stmt"/>
      <line num="36" count="11" type="stmt"/>
      <line num="37" count="11" type="stmt"/>
      <line num="38" count="11" type="stmt"/>
      <line num="39" count="11" type="stmt"/>
      <line num="40" count="11" type="stmt"/>
      <line num="41" count="11" type="stmt"/>
      <line num="42" count="11" type="stmt"/>
      <line num="43" count="11" type="stmt"/>
      <line num="44" count="1" type="stmt"/>
      <line num="45" count="1" type="stmt"/>
      <line num="46" count="0" type="stmt"/>
      <line num="47" count="0" type="stmt"/>
      <line num="48" count="0" type="stmt"/>
      <line num="49" count="0" type="stmt"/>
      <line num="50" count="0" type="stmt"/>
      <line num="51" count="0" type="stmt"/>
      <line num="52" count="0" type="stmt"/>
      <line num="53" count="1" type="stmt"/>
      <line num="54" count="1" type="stmt"/>
      <line num="55" count="1" type="stmt"/>
    </file>
  </project>
</coverage>
